<?xml version="1.0" encoding="UTF-8"?>
<!-- Generated by org.testng.reporters.JUnitReportReporter -->
<testsuite hostname="DESKTOP-ESKID2D" failures="0" tests="1" name="Pages.TestNg.crm.HomePageTest" time="36.356" errors="0" timestamp="2023-09-30T08:51:19 IST" skipped="0">
  <testcase classname="Pages.TestNg.crm.HomePageTest" name="clickOnContactLink" time="36.356"/>
</testsuite> <!-- Pages.TestNg.crm.HomePageTest -->
