<?xml version="1.0" encoding="UTF-8"?>
<!-- Generated by org.testng.reporters.JUnitReportReporter -->
<testsuite hostname="DESKTOP-ESKID2D" failures="0" tests="2" name="Pages.TestNg.crm.LoginPageTest" time="30.012" errors="0" timestamp="2023-09-27T07:22:21 IST" skipped="0">
  <testcase classname="Pages.TestNg.crm.LoginPageTest" name="isCrmLogoDisplay" time="15.292"/>
  <testcase classname="Pages.TestNg.crm.LoginPageTest" name="isPricingLinkDisplay" time="14.720"/>
</testsuite> <!-- Pages.TestNg.crm.LoginPageTest -->
