<?xml version="1.0" encoding="UTF-8"?>
<!-- Generated by org.testng.reporters.JUnitReportReporter -->
<testsuite hostname="DESKTOP-ESKID2D" failures="0" tests="1" name="Pages.TestNg.crm.HomePageTest" time="30.646" errors="0" timestamp="2023-09-27T13:03:18 IST" skipped="0">
  <testcase classname="Pages.TestNg.crm.HomePageTest" name="clickOnContactLink" time="30.646"/>
</testsuite> <!-- Pages.TestNg.crm.HomePageTest -->
